<?xml version="1.0" encoding="UTF-8"?>
<testsuite xmlns:xsi="http://www.w3.org/2001/XMLSchema-instance" xsi:noNamespaceSchemaLocation="https://maven.apache.org/surefire/maven-surefire-plugin/xsd/surefire-test-report-3.0.xsd" version="3.0" name="cis2039.pocketbeasts.PlayerTest" time="0.062" tests="7" errors="0" skipped="0" failures="0">
  <properties>
[...]
</properties>
  <testcase name="testGetManaAvailable" classname="cis2039.pocketbeasts.PlayerTest" time="0.006">
    <system-out><![CDATA[getManaAvailable
]]></system-out>
  </testcase>
  <testcase name="testGetDeck" classname="cis2039.pocketbeasts.PlayerTest" time="0.001">
    <system-out><![CDATA[getDeck
]]></system-out>
  </testcase>
  <testcase name="testGetHand" classname="cis2039.pocketbeasts.PlayerTest" time="0.008">
    <system-out><![CDATA[getHand
Expected: [Barn Rat (BR) Mana Cost/1 Attack/1 Health/1, Scampering Pup (SP) Mana Cost/2 Attack/2 Health/1]
Actual: [Barn Rat (BR) Mana Cost/1 Attack/1 Health/1, Scampering Pup (SP) Mana Cost/2 Attack/2 Health/1]
]]></system-out>
  </testcase>
  <testcase name="testGetName" classname="cis2039.pocketbeasts.PlayerTest" time="0.001">
    <system-out><![CDATA[getName
]]></system-out>
  </testcase>
  <testcase name="testGetGraveyard" classname="cis2039.pocketbeasts.PlayerTest" time="0.0">
    <system-out><![CDATA[getGraveyard
Expected: [Barn Rat (BR) Mana Cost/1 Attack/1 Health/1, Moor Owl (MO) Mana Cost/4 Attack/4 Health/2]
Actual: [Barn Rat (BR) Mana Cost/1 Attack/1 Health/1, Moor Owl (MO) Mana Cost/4 Attack/4 Health/2]
]]></system-out>
  </testcase>
  <testcase name="testGetHealth" classname="cis2039.pocketbeasts.PlayerTest" time="0.001">
    <system-out><![CDATA[getHealth
]]></system-out>
  </testcase>
  <testcase name="testGetInPlay" classname="cis2039.pocketbeasts.PlayerTest" time="0.001">
    <system-out><![CDATA[getInPlay
Expected: [Barn Rat (BR) Mana Cost/1 Attack/1 Health/1, Highland Tiger (HT) Mana Cost/5 Attack/4 Health/4]
Actual: [Barn Rat (BR) Mana Cost/1 Attack/1 Health/1, Highland Tiger (HT) Mana Cost/5 Attack/4 Health/4]
]]></system-out>
  </testcase>
</testsuite>