<?xml version="1.0" encoding="UTF-8"?>
<testsuite xmlns:xsi="http://www.w3.org/2001/XMLSchema-instance" xsi:noNamespaceSchemaLocation="https://maven.apache.org/surefire/maven-surefire-plugin/xsd/surefire-test-report-3.0.xsd" version="3.0" name="cis2039.pocketbeasts.DeckTest" time="0.165" tests="4" errors="0" skipped="0" failures="0">
  <properties>
[...]
</properties>
  <testcase name="testAdd" classname="cis2039.pocketbeasts.DeckTest" time="0.029">
    <system-out><![CDATA[add
]]></system-out>
  </testcase>
  <testcase name="testCount" classname="cis2039.pocketbeasts.DeckTest" time="0.001">
    <system-out><![CDATA[count
]]></system-out>
  </testcase>
  <testcase name="testDraw" classname="cis2039.pocketbeasts.DeckTest" time="0.052">
    <system-out><![CDATA[draw
]]></system-out>
  </testcase>
  <testcase name="testShuffle" classname="cis2039.pocketbeasts.DeckTest" time="0.001">
    <system-out><![CDATA[shuffle
]]></system-out>
  </testcase>
</testsuite>